[19:39:09] [ServerMain/INFO]: [bootstrap] Running Java 21 (OpenJDK 64-Bit Server VM 21.0.1+12-LTS; Eclipse Adoptium Temurin-21.0.1+12) on Linux 6.12.90+ (amd64)
[19:39:09] [ServerMain/INFO]: [bootstrap] Loading Paper 1.21.8-20-main@ec9c83f (2025-07-30T17:54:07Z) for Minecraft 1.21.8
[19:39:09] [ServerMain/WARN]: [oshi.software.os.linux.LinuxOperatingSystem] Did not find udev library in operating system. Some features may not work.
[19:39:09] [ServerMain/INFO]: [PluginInitializerManager] Initializing plugins...
[19:39:10] [ServerMain/INFO]: [PluginInitializerManager] Initialized 0 plugins
[19:39:16] [ServerMain/INFO]: Environment: Environment[sessionHost=https://sessionserver.mojang.com, servicesHost=https://api.minecraftservices.com, name=PROD]
[19:39:19] [ServerMain/INFO]: Loaded 1407 recipes
[19:39:19] [ServerMain/INFO]: Loaded 1520 advancements
[19:39:19] [ServerMain/INFO]: [ca.spottedleaf.dataconverter.minecraft.datatypes.MCTypeRegistry] Initialising converters for DataConverter...
[19:39:20] [ServerMain/INFO]: [ca.spottedleaf.dataconverter.minecraft.datatypes.MCTypeRegistry] Finished initialising converters for DataConverter in 563.0ms
[19:39:20] [Server thread/INFO]: Starting minecraft server version 1.21.8
[19:39:20] [Server thread/INFO]: Loading properties
[19:39:20] [Server thread/INFO]: This server is running Paper version 1.21.8-20-main@ec9c83f (2025-07-30T17:54:07Z) (Implementing API version 1.21.8-R0.1-SNAPSHOT)
[19:39:20] [Server thread/INFO]: [spark] This server bundles the spark profiler. For more information please visit https://docs.papermc.io/paper/profiling
[19:39:20] [Server thread/INFO]: Server Ping Player Sample Count: 12
[19:39:20] [Server thread/INFO]: Using 4 threads for Netty based IO
[19:39:22] [Server thread/INFO]: [MoonriseCommon] Paper is using 2 worker threads, 1 I/O threads
[19:39:22] [Server thread/INFO]: [ChunkTaskScheduler] Chunk system is using population gen parallelism: true
[19:39:22] [Server thread/INFO]: Default game type: SURVIVAL
[19:39:22] [Server thread/INFO]: Generating keypair
[19:39:22] [Server thread/INFO]: Starting Minecraft server on *:25565
[19:39:22] [Server thread/INFO]: Using epoll channel type
[19:39:22] [Server thread/INFO]: Paper: Using libdeflate (Linux x86_64) compression from Velocity.
[19:39:22] [Server thread/INFO]: Paper: Using Java cipher from Velocity.
[19:39:22] [Server thread/INFO]: Server permissions file permissions.yml is empty, ignoring it
[19:39:22] [Server thread/WARN]: **** SERVER IS RUNNING IN OFFLINE/INSECURE MODE!
[19:39:22] [Server thread/WARN]: The server will make no attempt to authenticate usernames. Beware.
[19:39:22] [Server thread/WARN]: While this makes the game possible to play without internet access, it also opens up the ability for hackers to connect with any username they choose.
[19:39:22] [Server thread/WARN]: To change this, set "online-mode" to "true" in the server.properties file.
[19:39:22] [Server thread/INFO]: Preparing level "GhostSMP"
[19:39:23] [Server thread/INFO]: Preparing start region for dimension minecraft:overworld
[19:39:23] [Server thread/INFO]: Preparing spawn area: 0%
[19:39:23] [Server thread/INFO]: Preparing spawn area: 2%
[19:39:24] [Server thread/INFO]: Preparing spawn area: 24%
[19:39:24] [Server thread/INFO]: Preparing spawn area: 24%
[19:39:25] [Server thread/INFO]: Time elapsed: 1662 ms
[19:39:25] [Server thread/INFO]: Preparing start region for dimension minecraft:the_nether
[19:39:25] [Server thread/INFO]: Preparing spawn area: 0%
[19:39:25] [Server thread/INFO]: Time elapsed: 246 ms
[19:39:25] [Server thread/INFO]: Preparing start region for dimension minecraft:the_end
[19:39:25] [Server thread/INFO]: Preparing spawn area: 0%
[19:39:25] [Server thread/INFO]: Time elapsed: 102 ms
[19:39:25] [Server thread/INFO]: [spark] Starting background profiler...
[19:39:25] [Server thread/INFO]: Done preparing level "GhostSMP" (3.224s)
[19:39:25] [Server thread/INFO]: Running delayed init tasks
[19:39:25] [Server thread/INFO]: Done (17.283s)! For help, type "help"
[19:48:48] [Server thread/INFO]: Unknown or incomplete command, see below for error
stopstop<--[HERE]
[19:48:48] [Server thread/INFO]: Stopping server
[19:48:48] [Server thread/INFO]: Saving players
[19:48:49] [Server thread/INFO]: Saving worlds
[19:48:49] [Server thread/INFO]: Saving chunks for level 'ServerLevel[GhostSMP]'/minecraft:overworld
[19:48:49] [Server thread/INFO]: [ChunkHolderManager] Waiting 60s for chunk system to halt for world 'GhostSMP'
[19:48:49] [Server thread/INFO]: [ChunkHolderManager] Halted chunk system for world 'GhostSMP'
[19:48:49] [Server thread/INFO]: [ChunkHolderManager] Saving all chunkholders for world 'GhostSMP'
[19:48:49] [Server thread/INFO]: [ChunkHolderManager] Saved 11 block chunks, 3 entity chunks, 0 poi chunks in world 'GhostSMP' in 0.04s
[19:48:49] [Server thread/INFO]: [ChunkHolderManager] Waiting 60s for chunk I/O to halt for world 'GhostSMP'
[19:48:49] [Server thread/INFO]: [ChunkHolderManager] Halted I/O scheduler for world 'GhostSMP'
[19:48:49] [Server thread/INFO]: Saving chunks for level 'ServerLevel[GhostSMP_nether]'/minecraft:the_nether
[19:48:49] [Server thread/INFO]: [ChunkHolderManager] Waiting 60s for chunk system to halt for world 'GhostSMP_nether'
[19:48:49] [Server thread/INFO]: [ChunkHolderManager] Halted chunk system for world 'GhostSMP_nether'
[19:48:49] [Server thread/INFO]: [ChunkHolderManager] Saving all chunkholders for world 'GhostSMP_nether'
[19:48:49] [Server thread/INFO]: [ChunkHolderManager] Saved 1 block chunks, 2 entity chunks, 0 poi chunks in world 'GhostSMP_nether' in 0.01s
[19:48:49] [Server thread/INFO]: [ChunkHolderManager] Waiting 60s for chunk I/O to halt for world 'GhostSMP_nether'
[19:48:49] [Server thread/INFO]: [ChunkHolderManager] Halted I/O scheduler for world 'GhostSMP_nether'
[19:48:49] [Server thread/INFO]: Saving chunks for level 'ServerLevel[GhostSMP_the_end]'/minecraft:the_end
[19:48:49] [Server thread/INFO]: [ChunkHolderManager] Waiting 60s for chunk system to halt for world 'GhostSMP_the_end'
[19:48:49] [Server thread/INFO]: [ChunkHolderManager] Halted chunk system for world 'GhostSMP_the_end'
[19:48:49] [Server thread/INFO]: [ChunkHolderManager] Saving all chunkholders for world 'GhostSMP_the_end'
[19:48:49] [Server thread/INFO]: [ChunkHolderManager] Saved 0 block chunks, 10 entity chunks, 0 poi chunks in world 'GhostSMP_the_end' in 0.01s
[19:48:49] [Server thread/INFO]: [ChunkHolderManager] Waiting 60s for chunk I/O to halt for world 'GhostSMP_the_end'
[19:48:49] [Server thread/INFO]: [ChunkHolderManager] Halted I/O scheduler for world 'GhostSMP_the_end'
[19:48:49] [Server thread/INFO]: ThreadedAnvilChunkStorage (GhostSMP): All chunks are saved
[19:48:49] [Server thread/INFO]: ThreadedAnvilChunkStorage (DIM-1): All chunks are saved
[19:48:49] [Server thread/INFO]: ThreadedAnvilChunkStorage (DIM1): All chunks are saved
[19:48:49] [Server thread/INFO]: ThreadedAnvilChunkStorage: All dimensions are saved
[19:48:49] [Server thread/INFO]: Waiting for all RegionFile I/O tasks to complete...
[19:48:49] [Server thread/INFO]: All RegionFile I/O tasks to complete
[19:48:49] [Server thread/INFO]: [MoonriseCommon] Awaiting termination of worker pool for up to 60s...
[19:48:49] [Server thread/INFO]: [MoonriseCommon] Awaiting termination of I/O pool for up to 60s...
[19:48:49] [Server console handler/ERROR]: Caught previously unhandled exception :
java.io.IOError: java.io.IOException: Input/output error
	at org.jline.keymap.BindingReader.readCharacter(BindingReader.java:170) ~[jline-reader-3.20.0.jar:?]
	at org.jline.keymap.BindingReader.readBinding(BindingReader.java:110) ~[jline-reader-3.20.0.jar:?]
	at org.jline.keymap.BindingReader.readBinding(BindingReader.java:61) ~[jline-reader-3.20.0.jar:?]
	at org.jline.reader.impl.LineReaderImpl.doReadBinding(LineReaderImpl.java:923) ~[jline-reader-3.20.0.jar:?]
	at org.jline.reader.impl.LineReaderImpl.readBinding(LineReaderImpl.java:956) ~[jline-reader-3.20.0.jar:?]
	at org.jline.reader.impl.LineReaderImpl.readLine(LineReaderImpl.java:651) ~[jline-reader-3.20.0.jar:?]
	at org.jline.reader.impl.LineReaderImpl.readLine(LineReaderImpl.java:468) ~[jline-reader-3.20.0.jar:?]
	at net.minecrell.terminalconsole.SimpleTerminalConsole.readCommands(SimpleTerminalConsole.java:158) ~[terminalconsoleappender-1.3.0.jar:?]
	at net.minecrell.terminalconsole.SimpleTerminalConsole.start(SimpleTerminalConsole.java:141) ~[terminalconsoleappender-1.3.0.jar:?]
	at net.minecraft.server.dedicated.DedicatedServer$1.run(DedicatedServer.java:108) ~[paper-1.21.8.jar:1.21.8-20-ec9c83f]
Caused by: java.io.IOException: Input/output error
	at java.base/java.io.FileInputStream.read0(Native Method) ~[?:?]
	at java.base/java.io.FileInputStream.read(Unknown Source) ~[?:?]
	at java.base/java.io.FilterInputStream.read(Unknown Source) ~[?:?]
	at org.jline.terminal.impl.AbstractPty$1.read(AbstractPty.java:58) ~[jline-terminal-3.27.1.jar:?]
	at org.jline.terminal.impl.AbstractPty$PtyInputStream.read(AbstractPty.java:124) ~[jline-terminal-3.27.1.jar:?]
	at org.jline.utils.NonBlockingInputStream.read(NonBlockingInputStream.java:62) ~[jline-terminal-3.27.1.jar:?]
	at org.jline.utils.NonBlocking$NonBlockingInputStreamReader.read(NonBlocking.java:157) ~[jline-terminal-3.27.1.jar:?]
	at org.jline.utils.NonBlockingReader.read(NonBlockingReader.java:56) ~[jline-terminal-3.27.1.jar:?]
	at org.jline.keymap.BindingReader.readCharacter(BindingReader.java:160) ~[jline-reader-3.20.0.jar:?]
	... 9 more
